<?xml version="1.0" encoding="UTF-8"?>
<!-- Generated by org.testng.reporters.JUnitXMLReporter -->
<testsuite ignored="1" hostname="LAPTOP-04B1LE1H" failures="0" tests="1" name="sample-maven-project" time="3.588" errors="0" timestamp="2023-12-08T12:01:16 GMT">
  <testcase classname="com.nopcommerce.demo.testsuite.LoginTest" name="verifyUserShouldNavigateToLoginPageSuccessfully" time="0.476"/>
  <testcase classname="com.nopcommerce.demo.testsuite.LoginTest" name="verifyErrorMessageWithInvalidCredentials" time="0.0">
    <ignored/>
  </testcase> <!-- verifyErrorMessageWithInvalidCredentials -->
</testsuite> <!-- sample-maven-project -->
