<?xml version="1.0" encoding="UTF-8"?>
<!-- Generated by org.testng.reporters.JUnitXMLReporter -->
<testsuite ignored="0" hostname="LAPTOP-04B1LE1H" failures="0" tests="4" name="Login Test" time="10.529" errors="0" timestamp="2023-12-09T11:55:40 GMT">
  <testcase classname="com.nopcommerce.demo.testng.TestNGDemo" name="test1" time="0.002"/>
  <testcase classname="com.nopcommerce.demo.testng.TestNGDemo" name="test2" time="0.0"/>
  <testcase classname="com.nopcommerce.demo.testsuite.LoginTest" name="verifyErrorMessageWithInvalidCredentials" time="1.548"/>
  <testcase classname="com.nopcommerce.demo.testsuite.LoginTest" name="verifyUserShouldNavigateToLoginPageSuccessfully" time="0.771"/>
</testsuite> <!-- Login Test -->
